TN:
SF:D:\Codes\LearningVue\ponyracer\src\App.vue
FN:27,(anonymous_0)
FN:30,(anonymous_1)
FNF:2
FNH:2
FNDA:3,(anonymous_0)
FNDA:2,(anonymous_1)
DA:15,1
DA:16,1
DA:17,1
DA:19,1
DA:28,3
DA:30,3
DA:32,2
DA:33,2
DA:36,3
LF:9
LH:9
BRF:0
BRH:0
end_of_record
TN:
SF:D:\Codes\LearningVue\ponyracer\src\components\Alert.vue
FN:30,(anonymous_0)
FN:31,(anonymous_1)
FN:33,(anonymous_2)
FN:35,dismiss
FNF:4
FNH:4
FNDA:5,(anonymous_0)
FNDA:6,(anonymous_1)
FNDA:6,(anonymous_2)
FNDA:3,dismiss
DA:12,4
DA:14,4
DA:30,5
DA:31,6
DA:33,6
DA:36,3
DA:39,5
LF:7
LH:7
BRF:0
BRH:0
end_of_record
TN:
SF:D:\Codes\LearningVue\ponyracer\src\components\Navbar.vue
FN:24,(anonymous_0)
FN:27,toggleNavbar
FNF:2
FNH:2
FNDA:8,(anonymous_0)
FNDA:3,toggleNavbar
DA:19,2
DA:21,2
DA:25,8
DA:28,3
DA:31,8
LF:5
LH:5
BRF:0
BRH:0
end_of_record
TN:
SF:D:\Codes\LearningVue\ponyracer\src\components\Pony.vue
FN:26,(anonymous_0)
FN:27,(anonymous_1)
FN:29,clicked
FNF:3
FNH:3
FNDA:7,(anonymous_0)
FNDA:7,(anonymous_1)
FNDA:1,clicked
DA:10,4
DA:12,4
DA:14,4
DA:26,7
DA:27,7
DA:30,1
DA:33,7
LF:7
LH:7
BRF:0
BRH:0
end_of_record
TN:
SF:D:\Codes\LearningVue\ponyracer\src\components\Race.vue
FN:34,(anonymous_0)
FN:37,(anonymous_1)
FNF:2
FNH:2
FNDA:3,(anonymous_0)
FNDA:3,(anonymous_1)
DA:15,3
DA:17,3
DA:18,3
DA:20,3
DA:37,3
DA:39,3
LF:6
LH:6
BRF:0
BRH:0
end_of_record
TN:
SF:D:\Codes\LearningVue\ponyracer\src\composables\RaceService.ts
FN:11,useRaceService
FN:13,(anonymous_1)
FNF:2
FNH:2
FNDA:1,useRaceService
FNDA:1,(anonymous_1)
DA:9,2
DA:11,2
DA:12,1
DA:14,1
DA:17,1
LF:5
LH:5
BRDA:14,0,0,1
BRF:1
BRH:1
end_of_record
TN:
SF:D:\Codes\LearningVue\ponyracer\src\composables\RouterService.ts
FN:10,useRouterService
FN:14,(anonymous_1)
FNF:2
FNH:2
FNDA:12,useRouterService
FNDA:2,(anonymous_1)
DA:8,2
DA:10,2
DA:11,12
DA:13,12
DA:15,4
LF:5
LH:5
BRDA:15,0,0,2
BRF:1
BRH:1
end_of_record
TN:
SF:D:\Codes\LearningVue\ponyracer\src\composables\UserService.ts
FN:12,useUserService
FN:14,(anonymous_1)
FN:19,(anonymous_4)
FNF:3
FNH:3
FNDA:2,useUserService
FNDA:1,(anonymous_1)
FNDA:1,(anonymous_4)
DA:10,1
DA:12,1
DA:13,2
DA:15,1
DA:16,1
DA:20,1
DA:21,1
LF:7
LH:7
BRDA:15,0,0,1
BRDA:20,1,0,1
BRF:2
BRH:2
end_of_record
TN:
SF:D:\Codes\LearningVue\ponyracer\src\utils\FromNow.ts
FN:10,fromNow
FNF:1
FNH:1
FNDA:4,fromNow
DA:8,4
DA:10,4
DA:11,4
DA:12,4
LF:4
LH:4
BRF:0
BRH:0
end_of_record
TN:
SF:D:\Codes\LearningVue\ponyracer\src\utils\PonyImageUrl.ts
FN:11,getPonyImageUrl
FNF:1
FNH:1
FNDA:7,getPonyImageUrl
DA:9,4
DA:11,4
DA:12,7
LF:3
LH:3
BRF:0
BRH:0
end_of_record
TN:
SF:D:\Codes\LearningVue\ponyracer\src\utils\statics.ts
FNF:0
FNH:0
DA:8,4
LF:1
LH:1
BRF:0
BRH:0
end_of_record
TN:
SF:D:\Codes\LearningVue\ponyracer\src\views\Home.vue
FNF:0
FNH:0
DA:17,1
DA:19,1
LF:2
LH:2
BRF:0
BRH:0
end_of_record
TN:
SF:D:\Codes\LearningVue\ponyracer\src\views\Login.vue
FN:51,(anonymous_0)
FN:57,authenticate
FNF:2
FNH:2
FNDA:5,(anonymous_0)
FNDA:2,authenticate
DA:34,1
DA:35,1
DA:36,1
DA:37,1
DA:40,1
DA:42,1
DA:52,5
DA:53,5
DA:54,5
DA:55,5
DA:59,4
DA:60,1
DA:61,2
DA:64,1
DA:68,5
LF:15
LH:15
BRDA:60,0,0,0
BRDA:60,0,1,1
BRF:2
BRH:1
end_of_record
TN:
SF:D:\Codes\LearningVue\ponyracer\src\views\Races.vue
FN:22,(anonymous_0)
FNF:1
FNH:1
FNDA:1,(anonymous_0)
DA:10,2
DA:11,2
DA:13,2
DA:15,2
DA:23,1
DA:24,1
DA:26,2
DA:28,1
LF:8
LH:8
BRF:0
BRH:0
end_of_record
TN:
SF:D:\Codes\LearningVue\ponyracer\src\views\Register.vue
FN:75,(anonymous_0)
FN:82,register
FNF:2
FNH:2
FNDA:7,(anonymous_0)
FNDA:2,register
DA:58,1
DA:60,1
DA:62,1
DA:63,1
DA:64,1
DA:66,1
DA:76,7
DA:77,7
DA:78,7
DA:79,7
DA:80,7
DA:84,4
DA:85,1
DA:86,2
DA:89,1
DA:93,7
LF:16
LH:16
BRDA:85,0,0,0
BRDA:85,0,1,1
BRF:2
BRH:1
end_of_record
